<?xml version="1.0" encoding="UTF-8"?>
<!-- Generated by org.testng.reporters.JUnitReportReporter -->
<testsuite hostname="DESKTOP-377NK29" failures="0" tests="1" name="com.dice.SecondTest" time="15.068" errors="0" timestamp="2019-10-12T11:43:58 EAT" skipped="0">
  <testcase classname="com.dice.SecondTest" name="secondMethods" time="15.068"/>
</testsuite> <!-- com.dice.SecondTest -->
