<?xml version="1.0" encoding="UTF-8"?>
<!-- Generated by org.testng.reporters.JUnitReportReporter -->
<testsuite hostname="DESKTOP-377NK29" failures="0" tests="1" name="com.dice.LoginTest" time="24.210" errors="0" timestamp="2019-10-12T12:25:43 EAT" skipped="0">
  <testcase classname="com.dice.LoginTest" name="negativeLoginTest" time="24.210"/>
</testsuite> <!-- com.dice.LoginTest -->
