<?xml version="1.0" encoding="UTF-8"?>
<!-- Generated by org.testng.reporters.JUnitReportReporter -->
<testsuite hostname="DESKTOP-377NK29" failures="0" tests="1" name="com.dice.FirstTest" time="16.128" errors="0" timestamp="2019-10-12T11:43:58 EAT" skipped="0">
  <testcase classname="com.dice.FirstTest" name="firstTestMethods" time="16.128"/>
</testsuite> <!-- com.dice.FirstTest -->
